TN:
SF:app.mjs
FN:12,(anonymous_0)
FN:16,(anonymous_1)
FN:33,(anonymous_2)
FN:53,(anonymous_3)
FN:72,(anonymous_4)
FNF:5
FNH:5
FNDA:2,(anonymous_0)
FNDA:3,(anonymous_1)
FNDA:3,(anonymous_2)
FNDA:2,(anonymous_3)
FNDA:2,(anonymous_4)
DA:6,1
DA:8,1
DA:9,1
DA:10,1
DA:12,1
DA:13,2
DA:16,1
DA:17,3
DA:18,3
DA:19,1
DA:21,2
DA:22,1
DA:24,1
DA:26,1
DA:28,1
DA:30,2
DA:33,1
DA:34,3
DA:35,3
DA:37,3
DA:38,1
DA:40,2
DA:41,2
DA:42,1
DA:44,1
DA:46,1
DA:48,1
DA:50,2
DA:53,1
DA:54,2
DA:55,2
DA:57,2
DA:58,0
DA:61,2
DA:63,2
DA:64,1
DA:67,1
DA:69,1
DA:72,1
DA:73,2
DA:74,2
DA:76,2
DA:77,0
DA:80,2
DA:82,2
DA:83,1
DA:86,1
DA:88,1
DA:90,1
LF:49
LH:47
BRDA:18,0,0,1
BRDA:18,0,1,2
BRDA:21,1,0,1
BRDA:21,1,1,1
BRDA:37,2,0,1
BRDA:37,2,1,2
BRDA:41,3,0,1
BRDA:41,3,1,1
BRDA:57,4,0,0
BRDA:57,4,1,2
BRDA:63,5,0,1
BRDA:63,5,1,1
BRDA:76,6,0,0
BRDA:76,6,1,2
BRDA:82,7,0,1
BRDA:82,7,1,1
BRF:16
BRH:14
end_of_record
TN:
SF:db.mjs
FNF:0
FNH:0
DA:1,1
LF:1
LH:1
BRF:0
BRH:0
end_of_record
TN:
SF:validations.mjs
FN:1,(anonymous_0)
FN:2,(anonymous_1)
FN:5,(anonymous_2)
FN:6,(anonymous_3)
FNF:4
FNH:4
FNDA:2,(anonymous_0)
FNDA:1,(anonymous_1)
FNDA:6,(anonymous_2)
FNDA:6,(anonymous_3)
DA:1,1
DA:2,2
DA:5,1
DA:6,6
DA:7,6
DA:8,3
DA:10,3
LF:7
LH:7
BRDA:1,0,0,2
BRDA:7,1,0,3
BRDA:7,1,1,3
BRF:3
BRH:3
end_of_record
